<?xml version="1.0" encoding="UTF-8"?>
<!-- Generated by org.testng.reporters.JUnitXMLReporter -->
<testsuite ignored="0" hostname="DESKTOP-0JU52NV" failures="0" tests="10" name="Command line test" time="9.78" errors="0" timestamp="2021-10-09T09:53:29 IST">
  <testcase classname="TestGroups" name="test" time="0.003"/>
  <testcase classname="TestGroups" name="test1" time="0.0"/>
  <testcase classname="TestGroups" name="test2" time="0.002"/>
  <testcase classname="TestGroups" name="test3" time="0.002"/>
  <testcase classname="TestGroups" name="test4" time="0.001"/>
  <testcase classname="TestGroups" name="test5" time="0.0"/>
  <testcase classname="TestNgDemo" name="test" time="0.0"/>
  <testcase classname="TestNgDemo" name="test1" time="0.0"/>
  <testcase classname="TestNGOrder" name="testGoogle1" time="5.734"/>
  <testcase classname="TestNGOrder" name="testGoogle2" time="3.946"/>
</testsuite> <!-- Command line test -->
