<?xml version="1.0" encoding="UTF-8"?>
<testng-results ignored="0" total="10" passed="10" failed="0" skipped="0">
  <reporter-output>
  </reporter-output>
  <suite started-at="2021-10-09T09:53:19 IST" name="Command line suite" finished-at="2021-10-09T09:53:29 IST" duration-ms="9780">
    <groups>
      <group name="Sanity">
        <method signature="TestGroups.test1()[pri:0, instance:TestGroups@54d9d12d]" name="test1" class="TestGroups"/>
        <method signature="TestGroups.test5()[pri:0, instance:TestGroups@54d9d12d]" name="test5" class="TestGroups"/>
      </group> <!-- Sanity -->
      <group name="Regression">
        <method signature="TestGroups.test()[pri:0, instance:TestGroups@54d9d12d]" name="test" class="TestGroups"/>
        <method signature="TestGroups.test3()[pri:0, instance:TestGroups@54d9d12d]" name="test3" class="TestGroups"/>
        <method signature="TestGroups.test4()[pri:0, instance:TestGroups@54d9d12d]" name="test4" class="TestGroups"/>
        <method signature="TestGroups.test5()[pri:0, instance:TestGroups@54d9d12d]" name="test5" class="TestGroups"/>
      </group> <!-- Regression -->
      <group name="Smoke">
        <method signature="TestGroups.test2()[pri:0, instance:TestGroups@54d9d12d]" name="test2" class="TestGroups"/>
        <method signature="TestGroups.test3()[pri:0, instance:TestGroups@54d9d12d]" name="test3" class="TestGroups"/>
      </group> <!-- Smoke -->
    </groups>
    <test started-at="2021-10-09T09:53:19 IST" name="Command line test" finished-at="2021-10-09T09:53:29 IST" duration-ms="9780">
      <class name="TestGroups">
        <test-method signature="test()[pri:0, instance:TestGroups@54d9d12d]" started-at="2021-10-09T09:53:19 IST" name="test" finished-at="2021-10-09T09:53:19 IST" duration-ms="3" status="PASS">
          <reporter-output>
          </reporter-output>
        </test-method> <!-- test -->
        <test-method signature="test1()[pri:0, instance:TestGroups@54d9d12d]" started-at="2021-10-09T09:53:19 IST" name="test1" finished-at="2021-10-09T09:53:19 IST" duration-ms="0" status="PASS">
          <reporter-output>
          </reporter-output>
        </test-method> <!-- test1 -->
        <test-method signature="test2()[pri:0, instance:TestGroups@54d9d12d]" started-at="2021-10-09T09:53:19 IST" name="test2" finished-at="2021-10-09T09:53:19 IST" duration-ms="2" status="PASS">
          <reporter-output>
          </reporter-output>
        </test-method> <!-- test2 -->
        <test-method signature="test3()[pri:0, instance:TestGroups@54d9d12d]" started-at="2021-10-09T09:53:19 IST" name="test3" finished-at="2021-10-09T09:53:19 IST" duration-ms="2" status="PASS">
          <reporter-output>
          </reporter-output>
        </test-method> <!-- test3 -->
        <test-method signature="test4()[pri:0, instance:TestGroups@54d9d12d]" started-at="2021-10-09T09:53:19 IST" name="test4" finished-at="2021-10-09T09:53:19 IST" duration-ms="1" status="PASS">
          <reporter-output>
          </reporter-output>
        </test-method> <!-- test4 -->
        <test-method signature="test5()[pri:0, instance:TestGroups@54d9d12d]" started-at="2021-10-09T09:53:19 IST" name="test5" finished-at="2021-10-09T09:53:19 IST" duration-ms="0" status="PASS">
          <reporter-output>
          </reporter-output>
        </test-method> <!-- test5 -->
      </class> <!-- TestGroups -->
      <class name="TestNGOrder">
        <test-method signature="testGoogle1()[pri:0, instance:TestNGOrder@752325ad]" started-at="2021-10-09T09:53:19 IST" name="testGoogle1" finished-at="2021-10-09T09:53:25 IST" duration-ms="5734" status="PASS">
          <reporter-output>
          </reporter-output>
        </test-method> <!-- testGoogle1 -->
        <test-method signature="testGoogle2()[pri:0, instance:TestNGOrder@752325ad]" started-at="2021-10-09T09:53:25 IST" name="testGoogle2" finished-at="2021-10-09T09:53:29 IST" duration-ms="3946" status="PASS">
          <reporter-output>
          </reporter-output>
        </test-method> <!-- testGoogle2 -->
      </class> <!-- TestNGOrder -->
      <class name="TestNgDemo">
        <test-method is-config="true" signature="beforeSuite()[pri:0, instance:TestNgDemo@2a5c8d3f]" started-at="2021-10-09T09:53:19 IST" name="beforeSuite" finished-at="2021-10-09T09:53:19 IST" duration-ms="15" status="PASS">
          <reporter-output>
          </reporter-output>
        </test-method> <!-- beforeSuite -->
        <test-method is-config="true" signature="beforeTest()[pri:0, instance:TestNgDemo@2a5c8d3f]" started-at="2021-10-09T09:53:19 IST" name="beforeTest" finished-at="2021-10-09T09:53:19 IST" duration-ms="0" status="PASS">
          <reporter-output>
          </reporter-output>
        </test-method> <!-- beforeTest -->
        <test-method is-config="true" signature="beforeClass()[pri:0, instance:TestNgDemo@2a5c8d3f]" started-at="2021-10-09T09:53:19 IST" name="beforeClass" finished-at="2021-10-09T09:53:19 IST" duration-ms="2" status="PASS">
          <reporter-output>
          </reporter-output>
        </test-method> <!-- beforeClass -->
        <test-method is-config="true" signature="beforeMethod()[pri:0, instance:TestNgDemo@2a5c8d3f]" started-at="2021-10-09T09:53:19 IST" name="beforeMethod" finished-at="2021-10-09T09:53:19 IST" duration-ms="0" status="PASS">
          <reporter-output>
          </reporter-output>
        </test-method> <!-- beforeMethod -->
        <test-method signature="test()[pri:0, instance:TestNgDemo@2a5c8d3f]" started-at="2021-10-09T09:53:19 IST" name="test" finished-at="2021-10-09T09:53:19 IST" duration-ms="0" status="PASS">
          <reporter-output>
          </reporter-output>
        </test-method> <!-- test -->
        <test-method is-config="true" signature="afterMethod()[pri:0, instance:TestNgDemo@2a5c8d3f]" started-at="2021-10-09T09:53:19 IST" name="afterMethod" finished-at="2021-10-09T09:53:19 IST" duration-ms="1" status="PASS">
          <reporter-output>
          </reporter-output>
        </test-method> <!-- afterMethod -->
        <test-method is-config="true" signature="beforeMethod()[pri:0, instance:TestNgDemo@2a5c8d3f]" started-at="2021-10-09T09:53:19 IST" name="beforeMethod" finished-at="2021-10-09T09:53:19 IST" duration-ms="1" status="PASS">
          <reporter-output>
          </reporter-output>
        </test-method> <!-- beforeMethod -->
        <test-method signature="test1()[pri:0, instance:TestNgDemo@2a5c8d3f]" started-at="2021-10-09T09:53:19 IST" name="test1" finished-at="2021-10-09T09:53:19 IST" duration-ms="0" status="PASS">
          <reporter-output>
          </reporter-output>
        </test-method> <!-- test1 -->
        <test-method is-config="true" signature="afterMethod()[pri:0, instance:TestNgDemo@2a5c8d3f]" started-at="2021-10-09T09:53:19 IST" name="afterMethod" finished-at="2021-10-09T09:53:19 IST" duration-ms="2" status="PASS">
          <reporter-output>
          </reporter-output>
        </test-method> <!-- afterMethod -->
        <test-method is-config="true" signature="afterClass()[pri:0, instance:TestNgDemo@2a5c8d3f]" started-at="2021-10-09T09:53:19 IST" name="afterClass" finished-at="2021-10-09T09:53:19 IST" duration-ms="1" status="PASS">
          <reporter-output>
          </reporter-output>
        </test-method> <!-- afterClass -->
        <test-method is-config="true" signature="afterTest()[pri:0, instance:TestNgDemo@2a5c8d3f]" started-at="2021-10-09T09:53:29 IST" name="afterTest" finished-at="2021-10-09T09:53:29 IST" duration-ms="1" status="PASS">
          <reporter-output>
          </reporter-output>
        </test-method> <!-- afterTest -->
        <test-method is-config="true" signature="afterSuite()[pri:0, instance:TestNgDemo@2a5c8d3f]" started-at="2021-10-09T09:53:29 IST" name="afterSuite" finished-at="2021-10-09T09:53:29 IST" duration-ms="1" status="PASS">
          <reporter-output>
          </reporter-output>
        </test-method> <!-- afterSuite -->
      </class> <!-- TestNgDemo -->
    </test> <!-- Command line test -->
  </suite> <!-- Command line suite -->
</testng-results>
